<?xml version="1.0" encoding="UTF-8"?>
<testng-results skipped="0" failed="0" ignored="0" total="1" passed="1">
  <reporter-output>
  </reporter-output>
  <suite name="Default suite" duration-ms="10798" started-at="2020-03-29T22:34:13 IST" finished-at="2020-03-29T22:34:24 IST">
    <groups>
    </groups>
    <test name="Default test" duration-ms="10798" started-at="2020-03-29T22:34:13 IST" finished-at="2020-03-29T22:34:24 IST">
      <class name="GetLinks.Excel">
        <test-method status="PASS" signature="Excelsheet()[pri:0, instance:GetLinks.Excel@57e1b0c]" name="Excelsheet" duration-ms="10722" started-at="2020-03-29T22:34:13 IST" finished-at="2020-03-29T22:34:24 IST">
          <reporter-output>
          </reporter-output>
        </test-method> <!-- Excelsheet -->
      </class> <!-- GetLinks.Excel -->
    </test> <!-- Default test -->
  </suite> <!-- Default suite -->
</testng-results>
